<?xml version="1.0" encoding="UTF-8"?>
<testng-results ignored="0" total="4" passed="4" failed="0" skipped="0">
  <reporter-output>
  </reporter-output>
  <suite started-at="2022-12-09T19:15:51 IST" name="Parallel Test Suite" finished-at="2022-12-09T19:16:10 IST" duration-ms="19358">
    <groups>
    </groups>
    <test started-at="2022-12-09T19:15:51 IST" name="Chrome Test" finished-at="2022-12-09T19:16:00 IST" duration-ms="9657">
      <class name="tests.SampleTest">
        <test-method is-config="true" signature="setUp(java.lang.String)[pri:0, instance:tests.SampleTest@67080771]" started-at="2022-12-09T19:15:51 IST" name="setUp" finished-at="2022-12-09T19:15:55 IST" duration-ms="3997" status="PASS">
          <params>
            <param index="0">
              <value>
                <![CDATA[chrome]]>
              </value>
            </param>
          </params>
          <reporter-output>
          </reporter-output>
        </test-method> <!-- setUp -->
        <test-method signature="loginTest()[pri:0, instance:tests.SampleTest@67080771]" started-at="2022-12-09T19:15:55 IST" name="loginTest" finished-at="2022-12-09T19:15:58 IST" duration-ms="3688" status="PASS">
          <reporter-output>
          </reporter-output>
        </test-method> <!-- loginTest -->
        <test-method signature="addProductTillCheckOutTest()[pri:1, instance:tests.SampleTest@67080771]" started-at="2022-12-09T19:15:58 IST" name="addProductTillCheckOutTest" finished-at="2022-12-09T19:16:00 IST" duration-ms="1555" status="PASS">
          <reporter-output>
          </reporter-output>
        </test-method> <!-- addProductTillCheckOutTest -->
        <test-method is-config="true" signature="tearDown()[pri:0, instance:tests.SampleTest@67080771]" started-at="2022-12-09T19:16:00 IST" name="tearDown" finished-at="2022-12-09T19:16:00 IST" duration-ms="355" status="PASS">
          <reporter-output>
          </reporter-output>
        </test-method> <!-- tearDown -->
      </class> <!-- tests.SampleTest -->
    </test> <!-- Chrome Test -->
    <test started-at="2022-12-09T19:15:51 IST" name="Firefox Test" finished-at="2022-12-09T19:16:10 IST" duration-ms="19358">
      <class name="tests.SampleTest">
        <test-method is-config="true" signature="setUp(java.lang.String)[pri:0, instance:tests.SampleTest@6a84a97d]" started-at="2022-12-09T19:15:51 IST" name="setUp" finished-at="2022-12-09T19:16:02 IST" duration-ms="11126" status="PASS">
          <params>
            <param index="0">
              <value>
                <![CDATA[firefox]]>
              </value>
            </param>
          </params>
          <reporter-output>
          </reporter-output>
        </test-method> <!-- setUp -->
        <test-method signature="loginTest()[pri:0, instance:tests.SampleTest@6a84a97d]" started-at="2022-12-09T19:16:02 IST" name="loginTest" finished-at="2022-12-09T19:16:06 IST" duration-ms="3766" status="PASS">
          <reporter-output>
          </reporter-output>
        </test-method> <!-- loginTest -->
        <test-method signature="addProductTillCheckOutTest()[pri:1, instance:tests.SampleTest@6a84a97d]" started-at="2022-12-09T19:16:06 IST" name="addProductTillCheckOutTest" finished-at="2022-12-09T19:16:08 IST" duration-ms="1970" status="PASS">
          <reporter-output>
          </reporter-output>
        </test-method> <!-- addProductTillCheckOutTest -->
        <test-method is-config="true" signature="tearDown()[pri:0, instance:tests.SampleTest@6a84a97d]" started-at="2022-12-09T19:16:08 IST" name="tearDown" finished-at="2022-12-09T19:16:10 IST" duration-ms="2478" status="PASS">
          <reporter-output>
          </reporter-output>
        </test-method> <!-- tearDown -->
      </class> <!-- tests.SampleTest -->
    </test> <!-- Firefox Test -->
  </suite> <!-- Parallel Test Suite -->
</testng-results>
